# JRE version: OpenJDK Runtime Environment Temurin-17.0.2+8 (17.0.2+8) (build 17.0.2+8)
# Java VM: OpenJDK 64-Bit Server VM Temurin-17.0.2+8 (17.0.2+8, mixed mode, tiered, compressed oops, compressed class ptrs, g1 gc, windows-amd64)
GC Precious Log:
 CPUs: 12 total, 12 available
 Memory: 8050M
 Large Page Support: Disabled
 NUMA Support: Disabled
 Compressed Oops: Enabled (32-bit)
 Heap Region Size: 1M
 Heap Min Capacity: 8M
 Heap Initial Capacity: 126M
 Heap Max Capacity: 2014M
 Pre-touch: Disabled
 Parallel Workers: 10
 Concurrent Workers: 3
 Concurrent Refinement Workers: 10
 Periodic GC: Disabled
Heap:
 garbage-first heap   total 164864K, used 95271K [0x0000000082200000, 0x0000000100000000)
  region size 1024K, 25 young (25600K), 1 survivors (1024K)
 Metaspace       used 79058K, committed 79424K, reserved 1122304K
  class space    used 8936K, committed 9088K, reserved 1048576K
GC Heap History (20 events):
Event: 10.624 GC heap before
{Heap before GC invocations=34 (full 0):
 garbage-first heap   total 66560K, used 56122K [0x0000000082200000, 0x0000000100000000)
  region size 1024K, 35 young (35840K), 2 survivors (2048K)
 Metaspace       used 67153K, committed 67584K, reserved 1114112K
  class space    used 7620K, committed 7808K, reserved 1048576K
}
Event: 10.626 GC heap after
{Heap after GC invocations=35 (full 0):
 garbage-first heap   total 66560K, used 22590K [0x0000000082200000, 0x0000000100000000)
  region size 1024K, 3 young (3072K), 3 survivors (3072K)
 Metaspace       used 67153K, committed 67584K, reserved 1114112K
  class space    used 7620K, committed 7808K, reserved 1048576K
}
Event: 10.975 GC heap before
{Heap before GC invocations=35 (full 0):
 garbage-first heap   total 66560K, used 55358K [0x0000000082200000, 0x0000000100000000)
  region size 1024K, 35 young (35840K), 3 survivors (3072K)
 Metaspace       used 68956K, committed 69376K, reserved 1114112K
  class space    used 7795K, committed 8000K, reserved 1048576K
}
Event: 10.978 GC heap after
{Heap after GC invocations=36 (full 0):
 garbage-first heap   total 66560K, used 23539K [0x0000000082200000, 0x0000000100000000)
  region size 1024K, 4 young (4096K), 4 survivors (4096K)
 Metaspace       used 68956K, committed 69376K, reserved 1114112K
  class space    used 7795K, committed 8000K, reserved 1048576K
}
Event: 11.311 GC heap before
{Heap before GC invocations=36 (full 0):
 garbage-first heap   total 66560K, used 54259K [0x0000000082200000, 0x0000000100000000)
  region size 1024K, 34 young (34816K), 4 survivors (4096K)
 Metaspace       used 70499K, committed 70848K, reserved 1114112K
  class space    used 8017K, committed 8192K, reserved 1048576K
}
Event: 11.314 GC heap after
{Heap after GC invocations=37 (full 0):
 garbage-first heap   total 66560K, used 24477K [0x0000000082200000, 0x0000000100000000)
  region size 1024K, 4 young (4096K), 4 survivors (4096K)
 Metaspace       used 70499K, committed 70848K, reserved 1114112K
  class space    used 8017K, committed 8192K, reserved 1048576K
}
Event: 11.574 GC heap before
{Heap before GC invocations=37 (full 0):
 garbage-first heap   total 66560K, used 54173K [0x0000000082200000, 0x0000000100000000)
  region size 1024K, 33 young (33792K), 4 survivors (4096K)
 Metaspace       used 71809K, committed 72256K, reserved 1114112K
  class space    used 8179K, committed 8384K, reserved 1048576K
}
Event: 11.578 GC heap after
{Heap after GC invocations=38 (full 0):
 garbage-first heap   total 66560K, used 25351K [0x0000000082200000, 0x0000000100000000)
  region size 1024K, 4 young (4096K), 4 survivors (4096K)
 Metaspace       used 71809K, committed 72256K, reserved 1114112K
  class space    used 8179K, committed 8384K, reserved 1048576K
}
Event: 11.851 GC heap before
{Heap before GC invocations=38 (full 0):
 garbage-first heap   total 66560K, used 54023K [0x0000000082200000, 0x0000000100000000)
  region size 1024K, 32 young (32768K), 4 survivors (4096K)
 Metaspace       used 73099K, committed 73472K, reserved 1122304K
  class space    used 8326K, committed 8512K, reserved 1048576K
}
Event: 11.854 GC heap after
{Heap after GC invocations=39 (full 0):
 garbage-first heap   total 79872K, used 26573K [0x0000000082200000, 0x0000000100000000)
  region size 1024K, 4 young (4096K), 4 survivors (4096K)
 Metaspace       used 73099K, committed 73472K, reserved 1122304K
  class space    used 8326K, committed 8512K, reserved 1048576K
}
Event: 29.478 GC heap before
{Heap before GC invocations=39 (full 0):
 garbage-first heap   total 79872K, used 65485K [0x0000000082200000, 0x0000000100000000)
  region size 1024K, 42 young (43008K), 4 survivors (4096K)
 Metaspace       used 74823K, committed 75200K, reserved 1122304K
  class space    used 8494K, committed 8640K, reserved 1048576K
}
Event: 29.483 GC heap after
{Heap after GC invocations=40 (full 0):
 garbage-first heap   total 79872K, used 27413K [0x0000000082200000, 0x0000000100000000)
  region size 1024K, 4 young (4096K), 4 survivors (4096K)
 Metaspace       used 74823K, committed 75200K, reserved 1122304K
  class space    used 8494K, committed 8640K, reserved 1048576K
}
Event: 29.796 GC heap before
{Heap before GC invocations=40 (full 0):
 garbage-first heap   total 79872K, used 66325K [0x0000000082200000, 0x0000000100000000)
  region size 1024K, 43 young (44032K), 4 survivors (4096K)
 Metaspace       used 77177K, committed 77568K, reserved 1122304K
  class space    used 8718K, committed 8896K, reserved 1048576K
}
Event: 29.800 GC heap after
{Heap after GC invocations=41 (full 0):
 garbage-first heap   total 79872K, used 34844K [0x0000000082200000, 0x0000000100000000)
  region size 1024K, 6 young (6144K), 6 survivors (6144K)
 Metaspace       used 77177K, committed 77568K, reserved 1122304K
  class space    used 8718K, committed 8896K, reserved 1048576K
}
Event: 29.813 GC heap before
{Heap before GC invocations=41 (full 0):
 garbage-first heap   total 79872K, used 44060K [0x0000000082200000, 0x0000000100000000)
  region size 1024K, 11 young (11264K), 6 survivors (6144K)
 Metaspace       used 77270K, committed 77632K, reserved 1122304K
  class space    used 8724K, committed 8896K, reserved 1048576K
}
Event: 29.817 GC heap after
{Heap after GC invocations=42 (full 0):
 garbage-first heap   total 79872K, used 40808K [0x0000000082200000, 0x0000000100000000)
  region size 1024K, 3 young (3072K), 3 survivors (3072K)
 Metaspace       used 77270K, committed 77632K, reserved 1122304K
  class space    used 8724K, committed 8896K, reserved 1048576K
}
Event: 30.046 GC heap before
{Heap before GC invocations=43 (full 0):
 garbage-first heap   total 137216K, used 92008K [0x0000000082200000, 0x0000000100000000)
  region size 1024K, 10 young (10240K), 3 survivors (3072K)
 Metaspace       used 77447K, committed 77824K, reserved 1122304K
  class space    used 8773K, committed 8960K, reserved 1048576K
}
Event: 30.048 GC heap after
{Heap after GC invocations=44 (full 0):
 garbage-first heap   total 137216K, used 43173K [0x0000000082200000, 0x0000000100000000)
  region size 1024K, 1 young (1024K), 1 survivors (1024K)
 Metaspace       used 77447K, committed 77824K, reserved 1122304K
  class space    used 8773K, committed 8960K, reserved 1048576K
}
Event: 42.036 GC heap before
{Heap before GC invocations=44 (full 0):
 garbage-first heap   total 137216K, used 85157K [0x0000000082200000, 0x0000000100000000)
  region size 1024K, 28 young (28672K), 1 survivors (1024K)
 Metaspace       used 78599K, committed 79040K, reserved 1122304K
  class space    used 8902K, committed 9088K, reserved 1048576K
}
Event: 42.038 GC heap after
{Heap after GC invocations=45 (full 0):
 garbage-first heap   total 164864K, used 51239K [0x0000000082200000, 0x0000000100000000)
  region size 1024K, 1 young (1024K), 1 survivors (1024K)
 Metaspace       used 78599K, committed 79040K, reserved 1122304K
  class space    used 8902K, committed 9088K, reserved 1048576K
}

