# JRE version: OpenJDK Runtime Environment Temurin-17.0.2+8 (17.0.2+8) (build 17.0.2+8)
# Java VM: OpenJDK 64-Bit Server VM Temurin-17.0.2+8 (17.0.2+8, mixed mode, tiered, compressed oops, compressed class ptrs, g1 gc, windows-amd64)
GC Precious Log:
 CPUs: 12 total, 12 available
 Memory: 8050M
 Large Page Support: Disabled
 NUMA Support: Disabled
 Compressed Oops: Enabled (32-bit)
 Heap Region Size: 1M
 Heap Min Capacity: 8M
 Heap Initial Capacity: 126M
 Heap Max Capacity: 2014M
 Pre-touch: Disabled
 Parallel Workers: 10
 Concurrent Workers: 3
 Concurrent Refinement Workers: 10
 Periodic GC: Disabled
Heap:
 garbage-first heap   total 178176K, used 90278K [0x0000000082200000, 0x0000000100000000)
  region size 1024K, 19 young (19456K), 1 survivors (1024K)
 Metaspace       used 68893K, committed 69312K, reserved 1114112K
  class space    used 8727K, committed 8896K, reserved 1048576K
GC Heap History (20 events):
Event: 8.590 GC heap before
{Heap before GC invocations=24 (full 0):
 garbage-first heap   total 46080K, used 35313K [0x0000000082200000, 0x0000000100000000)
  region size 1024K, 15 young (15360K), 3 survivors (3072K)
 Metaspace       used 64103K, committed 64512K, reserved 1105920K
  class space    used 8173K, committed 8384K, reserved 1048576K
}
Event: 8.595 GC heap after
{Heap after GC invocations=25 (full 0):
 garbage-first heap   total 46080K, used 25305K [0x0000000082200000, 0x0000000100000000)
  region size 1024K, 2 young (2048K), 2 survivors (2048K)
 Metaspace       used 64103K, committed 64512K, reserved 1105920K
  class space    used 8173K, committed 8384K, reserved 1048576K
}
Event: 28.631 GC heap before
{Heap before GC invocations=26 (full 0):
 garbage-first heap   total 46080K, used 36569K [0x0000000082200000, 0x0000000100000000)
  region size 1024K, 13 young (13312K), 2 survivors (2048K)
 Metaspace       used 65415K, committed 65856K, reserved 1114112K
  class space    used 8332K, committed 8512K, reserved 1048576K
}
Event: 28.633 GC heap after
{Heap after GC invocations=27 (full 0):
 garbage-first heap   total 46080K, used 26246K [0x0000000082200000, 0x0000000100000000)
  region size 1024K, 1 young (1024K), 1 survivors (1024K)
 Metaspace       used 65415K, committed 65856K, reserved 1114112K
  class space    used 8332K, committed 8512K, reserved 1048576K
}
Event: 28.963 GC heap before
{Heap before GC invocations=27 (full 0):
 garbage-first heap   total 46080K, used 36486K [0x0000000082200000, 0x0000000100000000)
  region size 1024K, 12 young (12288K), 1 survivors (1024K)
 Metaspace       used 67123K, committed 67520K, reserved 1114112K
  class space    used 8507K, committed 8704K, reserved 1048576K
}
Event: 28.966 GC heap after
{Heap after GC invocations=28 (full 0):
 garbage-first heap   total 46080K, used 33384K [0x0000000082200000, 0x0000000100000000)
  region size 1024K, 2 young (2048K), 2 survivors (2048K)
 Metaspace       used 67123K, committed 67520K, reserved 1114112K
  class space    used 8507K, committed 8704K, reserved 1048576K
}
Event: 28.979 GC heap before
{Heap before GC invocations=28 (full 0):
 garbage-first heap   total 46080K, used 35432K [0x0000000082200000, 0x0000000100000000)
  region size 1024K, 5 young (5120K), 2 survivors (2048K)
 Metaspace       used 67207K, committed 67584K, reserved 1114112K
  class space    used 8513K, committed 8704K, reserved 1048576K
}
Event: 28.981 GC heap after
{Heap after GC invocations=29 (full 0):
 garbage-first heap   total 46080K, used 35794K [0x0000000082200000, 0x0000000100000000)
  region size 1024K, 1 young (1024K), 1 survivors (1024K)
 Metaspace       used 67207K, committed 67584K, reserved 1114112K
  class space    used 8513K, committed 8704K, reserved 1048576K
}
Event: 28.992 GC heap before
{Heap before GC invocations=29 (full 0):
 garbage-first heap   total 46080K, used 38866K [0x0000000082200000, 0x0000000100000000)
  region size 1024K, 2 young (2048K), 1 survivors (1024K)
 Metaspace       used 67207K, committed 67584K, reserved 1114112K
  class space    used 8513K, committed 8704K, reserved 1048576K
}
Event: 28.993 GC heap after
{Heap after GC invocations=30 (full 0):
 garbage-first heap   total 66560K, used 37721K [0x0000000082200000, 0x0000000100000000)
  region size 1024K, 0 young (0K), 0 survivors (0K)
 Metaspace       used 67207K, committed 67584K, reserved 1114112K
  class space    used 8513K, committed 8704K, reserved 1048576K
}
Event: 29.029 GC heap before
{Heap before GC invocations=31 (full 0):
 garbage-first heap   total 68608K, used 63321K [0x0000000082200000, 0x0000000100000000)
  region size 1024K, 1 young (1024K), 0 survivors (0K)
 Metaspace       used 67207K, committed 67584K, reserved 1114112K
  class space    used 8513K, committed 8704K, reserved 1048576K
}
Event: 29.030 GC heap after
{Heap after GC invocations=32 (full 0):
 garbage-first heap   total 68608K, used 52071K [0x0000000082200000, 0x0000000100000000)
  region size 1024K, 1 young (1024K), 1 survivors (1024K)
 Metaspace       used 67207K, committed 67584K, reserved 1114112K
  class space    used 8513K, committed 8704K, reserved 1048576K
}
Event: 29.038 GC heap before
{Heap before GC invocations=32 (full 0):
 garbage-first heap   total 76800K, used 69479K [0x0000000082200000, 0x0000000100000000)
  region size 1024K, 2 young (2048K), 1 survivors (1024K)
 Metaspace       used 67207K, committed 67584K, reserved 1114112K
  class space    used 8513K, committed 8704K, reserved 1048576K
}
Event: 29.040 GC heap after
{Heap after GC invocations=33 (full 0):
 garbage-first heap   total 76800K, used 58952K [0x0000000082200000, 0x0000000100000000)
  region size 1024K, 1 young (1024K), 1 survivors (1024K)
 Metaspace       used 67207K, committed 67584K, reserved 1114112K
  class space    used 8513K, committed 8704K, reserved 1048576K
}
Event: 29.269 GC heap before
{Heap before GC invocations=33 (full 0):
 garbage-first heap   total 76800K, used 65096K [0x0000000082200000, 0x0000000100000000)
  region size 1024K, 3 young (3072K), 1 survivors (1024K)
 Metaspace       used 67482K, committed 67904K, reserved 1114112K
  class space    used 8561K, committed 8768K, reserved 1048576K
}
Event: 29.271 GC heap after
{Heap after GC invocations=34 (full 0):
 garbage-first heap   total 76800K, used 49877K [0x0000000082200000, 0x0000000100000000)
  region size 1024K, 1 young (1024K), 1 survivors (1024K)
 Metaspace       used 67482K, committed 67904K, reserved 1114112K
  class space    used 8561K, committed 8768K, reserved 1048576K
}
Event: 29.339 GC heap before
{Heap before GC invocations=35 (full 0):
 garbage-first heap   total 80896K, used 46805K [0x0000000082200000, 0x0000000100000000)
  region size 1024K, 3 young (3072K), 1 survivors (1024K)
 Metaspace       used 68000K, committed 68352K, reserved 1114112K
  class space    used 8650K, committed 8832K, reserved 1048576K
}
Event: 29.341 GC heap after
{Heap after GC invocations=36 (full 0):
 garbage-first heap   total 80896K, used 45850K [0x0000000082200000, 0x0000000100000000)
  region size 1024K, 1 young (1024K), 1 survivors (1024K)
 Metaspace       used 68000K, committed 68352K, reserved 1114112K
  class space    used 8650K, committed 8832K, reserved 1048576K
}
Event: 41.569 GC heap before
{Heap before GC invocations=37 (full 0):
 garbage-first heap   total 89088K, used 53018K [0x0000000082200000, 0x0000000100000000)
  region size 1024K, 5 young (5120K), 1 survivors (1024K)
 Metaspace       used 68505K, committed 68928K, reserved 1114112K
  class space    used 8691K, committed 8896K, reserved 1048576K
}
Event: 41.571 GC heap after
{Heap after GC invocations=38 (full 0):
 garbage-first heap   total 178176K, used 46246K [0x0000000082200000, 0x0000000100000000)
  region size 1024K, 1 young (1024K), 1 survivors (1024K)
 Metaspace       used 68505K, committed 68928K, reserved 1114112K
  class space    used 8691K, committed 8896K, reserved 1048576K
}

